<?xml version="1.0" encoding="UTF-8"?>
<!-- Generated by org.testng.reporters.JUnitReportReporter -->
<testsuite skipped="0" hostname="DESKTOP-U21IBB6" name="RestAssured.RestAssured.basics" tests="2" failures="0" timestamp="17 Sep 2020 23:37:42 GMT" time="14.527" errors="0">
  <testcase name="Api" time="4.664" classname="RestAssured.RestAssured.basics"/>
  <testcase name="Api" time="9.863" classname="RestAssured.RestAssured.basics"/>
</testsuite> <!-- RestAssured.RestAssured.basics -->
